<?xml version="1.0" encoding="UTF-8"?>
<testsuite name="com.tci.crawling.ExceptionCrawlerTest" tests="3" skipped="0" failures="0" errors="0" timestamp="2018-01-25T17:30:45" hostname="ZOE-PC" time="0.315">
  <properties/>
  <testcase name="SearchAlgorithmWithIdDFS_shouldThrowIAEForIncorrectSearchWord" classname="com.tci.crawling.ExceptionCrawlerTest" time="0.108"/>
  <testcase name="searchAlgorithmWithWordDFS_shouldThrowIAEForIncorrectSearchWord" classname="com.tci.crawling.ExceptionCrawlerTest" time="0.102"/>
  <testcase name="shouldValidateThrowMessageIAEFor_searchAlgorithmWithIdDFS" classname="com.tci.crawling.ExceptionCrawlerTest" time="0.084"/>
  <system-out><![CDATA[]]></system-out>
  <system-err><![CDATA[]]></system-err>
</testsuite>
