<?xml version="1.0" encoding="UTF-8"?>
<testsuite name="com.tci.crawling.CrawlerTest" tests="1" skipped="0" failures="0" errors="0" timestamp="2017-12-19T12:50:55" hostname="DESKTOP-K3MVC99" time="0.005">
  <properties/>
  <testcase name="testForPagesExploited" classname="com.tci.crawling.CrawlerTest" time="0.005"/>
  <system-out><![CDATA[]]></system-out>
  <system-err><![CDATA[]]></system-err>
</testsuite>
