<?xml version="1.0" encoding="UTF-8"?>
<testsuite name="com.tci.crawling.CrawlerTest" tests="3" skipped="0" failures="0" errors="0" timestamp="2018-01-25T17:30:45" hostname="ZOE-PC" time="0.137">
  <properties/>
  <testcase name="shouldAllowToRetrieve_aSearchForAParticularID" classname="com.tci.crawling.CrawlerTest" time="0.069"/>
  <testcase name="givenBean_whenHasValue_thenCorrect" classname="com.tci.crawling.CrawlerTest" time="0.034"/>
  <testcase name="shouldAllowToRetrieve_aSearchForAParticularSearchWord" classname="com.tci.crawling.CrawlerTest" time="0.016"/>
  <system-out><![CDATA[]]></system-out>
  <system-err><![CDATA[]]></system-err>
</testsuite>
